1
2
1213123
1<!DOCTYPE html>
<html lang="en">
<head>
    <meta charset="UTF-8">
    <title>Title</title>
</head>
<body>
<div>
    <p>hello, chiling</p>
    <p>50</p>
    <p>{chiling 50}</p>
</div>

</body>
</html><!DOCTYPE html>
<html lang="en">
<head>
    <meta charset="UTF-8">
    <title>Title</title>
</head>
<body>
<div>
    <p>hello, chiling</p>
    <p>50</p>
    <p>{chiling 50}</p>
</div>

</body>
</html><!DOCTYPE html>
<html lang="en">
<head>
    <meta charset="UTF-8">
    <title>Title</title>
</head>
<body>
<div>
    <p>hello, chiling</p>
    <p>50</p>
    <p>{chiling 50}</p>
</div>

</body>
</html><!DOCTYPE html>
<html lang="en">
<head>
    <meta charset="UTF-8">
    <title>Title</title>
</head>
<body>
<div>
    <p>hello, chiling</p>
    <p>50</p>
    <p>{chiling 50}</p>
</div>

</body>
</html>